<?xml version="1.0" encoding="UTF-8"?>
<testng-results skipped="0" failed="1" ignored="0" total="19" passed="18">
  <reporter-output>
  </reporter-output>
  <suite name="Command line suite" duration-ms="14555" started-at="2022-10-25T21:56:54 IST" finished-at="2022-10-25T21:57:08 IST">
    <groups>
    </groups>
    <test name="Command line test" duration-ms="14555" started-at="2022-10-25T21:56:54 IST" finished-at="2022-10-25T21:57:08 IST">
      <class name="JsonValidationsTest">
        <test-method status="PASS" signature="readJsonArrays()[pri:0, instance:JsonValidationsTest@1a04f701]" name="readJsonArrays" duration-ms="130" started-at="2022-10-25T21:57:05 IST" finished-at="2022-10-25T21:57:05 IST">
          <reporter-output>
          </reporter-output>
        </test-method> <!-- readJsonArrays -->
      </class> <!-- JsonValidationsTest -->
      <class name="JsonSchemaValidationTest">
        <test-method status="PASS" signature="setUp()[pri:0, instance:JsonSchemaValidationTest@2ddc8ecb]" name="setUp" is-config="true" duration-ms="0" started-at="2022-10-25T21:57:02 IST" finished-at="2022-10-25T21:57:02 IST">
          <reporter-output>
          </reporter-output>
        </test-method> <!-- setUp -->
        <test-method status="PASS" signature="createJiraTask()[pri:0, instance:JsonSchemaValidationTest@2ddc8ecb]" name="createJiraTask" duration-ms="2311" started-at="2022-10-25T21:57:02 IST" finished-at="2022-10-25T21:57:05 IST">
          <reporter-output>
          </reporter-output>
        </test-method> <!-- createJiraTask -->
      </class> <!-- JsonSchemaValidationTest -->
      <class name="JiraRestApiTest">
        <test-method status="PASS" signature="setUp()[pri:0, instance:JiraRestApiTest@6973bf95]" name="setUp" is-config="true" duration-ms="12" started-at="2022-10-25T21:57:01 IST" finished-at="2022-10-25T21:57:01 IST">
          <reporter-output>
          </reporter-output>
        </test-method> <!-- setUp -->
        <test-method status="FAIL" signature="createAndDeleteJiraTask()[pri:0, instance:JiraRestApiTest@6973bf95]" name="createAndDeleteJiraTask" duration-ms="1051" started-at="2022-10-25T21:57:01 IST" finished-at="2022-10-25T21:57:02 IST">
          <exception class="java.lang.AssertionError">
            <message>
              <![CDATA[
expected: 201
 but was: 401]]>
            </message>
            <full-stacktrace>
              <![CDATA[java.lang.AssertionError: 
expected: 201
 but was: 401
at JiraRestApiTest.createAndDeleteJiraTask(JiraRestApiTest.java:28)
at sun.reflect.NativeMethodAccessorImpl.invoke0(Native Method)
at sun.reflect.NativeMethodAccessorImpl.invoke(NativeMethodAccessorImpl.java:62)
at sun.reflect.DelegatingMethodAccessorImpl.invoke(DelegatingMethodAccessorImpl.java:43)
at java.lang.reflect.Method.invoke(Method.java:498)
at org.testng.internal.MethodInvocationHelper.invokeMethod(MethodInvocationHelper.java:133)
at org.testng.internal.TestInvoker.invokeMethod(TestInvoker.java:598)
at org.testng.internal.TestInvoker.invokeTestMethod(TestInvoker.java:173)
at org.testng.internal.MethodRunner.runInSequence(MethodRunner.java:46)
at org.testng.internal.TestInvoker$MethodInvocationAgent.invoke(TestInvoker.java:824)
at org.testng.internal.TestInvoker.invokeTestMethods(TestInvoker.java:146)
at org.testng.internal.TestMethodWorker.invokeTestMethods(TestMethodWorker.java:146)
at org.testng.internal.TestMethodWorker.run(TestMethodWorker.java:128)
at java.util.ArrayList.forEach(ArrayList.java:1257)
at org.testng.TestRunner.privateRun(TestRunner.java:794)
at org.testng.TestRunner.run(TestRunner.java:596)
at org.testng.SuiteRunner.runTest(SuiteRunner.java:377)
at org.testng.SuiteRunner.runSequentially(SuiteRunner.java:371)
at org.testng.SuiteRunner.privateRun(SuiteRunner.java:332)
at org.testng.SuiteRunner.run(SuiteRunner.java:276)
at org.testng.SuiteRunnerWorker.runSuite(SuiteRunnerWorker.java:53)
at org.testng.SuiteRunnerWorker.run(SuiteRunnerWorker.java:96)
at org.testng.TestNG.runSuitesSequentially(TestNG.java:1212)
at org.testng.TestNG.runSuitesLocally(TestNG.java:1134)
at org.testng.TestNG.runSuites(TestNG.java:1063)
at org.testng.TestNG.run(TestNG.java:1031)
at org.apache.maven.surefire.testng.TestNGExecutor.run(TestNGExecutor.java:77)
at org.apache.maven.surefire.testng.TestNGDirectoryTestSuite.executeMulti(TestNGDirectoryTestSuite.java:159)
at org.apache.maven.surefire.testng.TestNGDirectoryTestSuite.execute(TestNGDirectoryTestSuite.java:99)
at org.apache.maven.surefire.testng.TestNGProvider.invoke(TestNGProvider.java:106)
at sun.reflect.NativeMethodAccessorImpl.invoke0(Native Method)
at sun.reflect.NativeMethodAccessorImpl.invoke(NativeMethodAccessorImpl.java:62)
at sun.reflect.DelegatingMethodAccessorImpl.invoke(DelegatingMethodAccessorImpl.java:43)
at java.lang.reflect.Method.invoke(Method.java:498)
at org.apache.maven.surefire.util.ReflectionUtils.invokeMethodWithArray(ReflectionUtils.java:189)
at org.apache.maven.surefire.booter.ProviderFactory$ProviderProxy.invoke(ProviderFactory.java:165)
at org.apache.maven.surefire.booter.ProviderFactory.invokeProvider(ProviderFactory.java:85)
at org.apache.maven.surefire.booter.ForkedBooter.runSuitesInProcess(ForkedBooter.java:115)
at org.apache.maven.surefire.booter.ForkedBooter.main(ForkedBooter.java:75)
]]>
            </full-stacktrace>
          </exception> <!-- java.lang.AssertionError -->
          <reporter-output>
          </reporter-output>
        </test-method> <!-- createAndDeleteJiraTask -->
      </class> <!-- JiraRestApiTest -->
      <class name="GoogleMapsApiTest">
        <test-method status="PASS" signature="setUp()[pri:0, instance:GoogleMapsApiTest@4278a03f]" name="setUp" is-config="true" duration-ms="447" started-at="2022-10-25T21:56:54 IST" finished-at="2022-10-25T21:56:54 IST">
          <reporter-output>
          </reporter-output>
        </test-method> <!-- setUp -->
        <test-method status="PASS" signature="postPlace()[pri:1, instance:GoogleMapsApiTest@4278a03f]" name="postPlace" duration-ms="2979" started-at="2022-10-25T21:56:54 IST" finished-at="2022-10-25T21:56:57 IST">
          <reporter-output>
          </reporter-output>
        </test-method> <!-- postPlace -->
        <test-method status="PASS" signature="getCreatedPlace()[pri:2, instance:GoogleMapsApiTest@4278a03f]" name="getCreatedPlace" duration-ms="571" started-at="2022-10-25T21:56:57 IST" finished-at="2022-10-25T21:56:58 IST">
          <reporter-output>
          </reporter-output>
        </test-method> <!-- getCreatedPlace -->
        <test-method status="PASS" signature="updatePlace()[pri:3, instance:GoogleMapsApiTest@4278a03f]" name="updatePlace" duration-ms="1242" started-at="2022-10-25T21:56:58 IST" finished-at="2022-10-25T21:56:59 IST">
          <reporter-output>
          </reporter-output>
        </test-method> <!-- updatePlace -->
        <test-method status="PASS" signature="deletePlace()[pri:4, instance:GoogleMapsApiTest@4278a03f]" name="deletePlace" duration-ms="2077" started-at="2022-10-25T21:56:59 IST" finished-at="2022-10-25T21:57:01 IST">
          <reporter-output>
          </reporter-output>
        </test-method> <!-- deletePlace -->
      </class> <!-- GoogleMapsApiTest -->
      <class name="ParameterizedBooksTest">
        <test-method status="PASS" signature="setUp()[pri:0, instance:ParameterizedBooksTest@d4342c2]" name="setUp" is-config="true" duration-ms="0" started-at="2022-10-25T21:57:05 IST" finished-at="2022-10-25T21:57:05 IST">
          <reporter-output>
          </reporter-output>
        </test-method> <!-- setUp -->
        <test-method status="PASS" signature="addBook(java.lang.String,java.lang.String,java.lang.String,java.lang.String)[pri:1, instance:ParameterizedBooksTest@d4342c2]" name="addBook" duration-ms="314" started-at="2022-10-25T21:57:05 IST" data-provider="bookDataProvider" finished-at="2022-10-25T21:57:05 IST">
          <params>
            <param index="0">
              <value>
                <![CDATA[Geometry]]>
              </value>
            </param>
            <param index="1">
              <value>
                <![CDATA[A]]>
              </value>
            </param>
            <param index="2">
              <value>
                <![CDATA[1]]>
              </value>
            </param>
            <param index="3">
              <value>
                <![CDATA[Euclid]]>
              </value>
            </param>
          </params>
          <reporter-output>
          </reporter-output>
        </test-method> <!-- addBook -->
        <test-method status="PASS" signature="addBook(java.lang.String,java.lang.String,java.lang.String,java.lang.String)[pri:1, instance:ParameterizedBooksTest@d4342c2]" name="addBook" duration-ms="321" started-at="2022-10-25T21:57:05 IST" data-provider="bookDataProvider" finished-at="2022-10-25T21:57:05 IST">
          <params>
            <param index="0">
              <value>
                <![CDATA[Coordinate Geometry]]>
              </value>
            </param>
            <param index="1">
              <value>
                <![CDATA[B]]>
              </value>
            </param>
            <param index="2">
              <value>
                <![CDATA[2]]>
              </value>
            </param>
            <param index="3">
              <value>
                <![CDATA[Rene Descartes]]>
              </value>
            </param>
          </params>
          <reporter-output>
          </reporter-output>
        </test-method> <!-- addBook -->
        <test-method status="PASS" signature="addBook(java.lang.String,java.lang.String,java.lang.String,java.lang.String)[pri:1, instance:ParameterizedBooksTest@d4342c2]" name="addBook" duration-ms="298" started-at="2022-10-25T21:57:05 IST" data-provider="bookDataProvider" finished-at="2022-10-25T21:57:06 IST">
          <params>
            <param index="0">
              <value>
                <![CDATA[Medicine]]>
              </value>
            </param>
            <param index="1">
              <value>
                <![CDATA[C]]>
              </value>
            </param>
            <param index="2">
              <value>
                <![CDATA[3]]>
              </value>
            </param>
            <param index="3">
              <value>
                <![CDATA[Sushruta]]>
              </value>
            </param>
          </params>
          <reporter-output>
          </reporter-output>
        </test-method> <!-- addBook -->
        <test-method status="PASS" signature="addBook(java.lang.String,java.lang.String,java.lang.String,java.lang.String)[pri:1, instance:ParameterizedBooksTest@d4342c2]" name="addBook" duration-ms="299" started-at="2022-10-25T21:57:06 IST" data-provider="bookDataProvider" finished-at="2022-10-25T21:57:06 IST">
          <params>
            <param index="0">
              <value>
                <![CDATA[Philosophy]]>
              </value>
            </param>
            <param index="1">
              <value>
                <![CDATA[D]]>
              </value>
            </param>
            <param index="2">
              <value>
                <![CDATA[4]]>
              </value>
            </param>
            <param index="3">
              <value>
                <![CDATA[Chanakya]]>
              </value>
            </param>
          </params>
          <reporter-output>
          </reporter-output>
        </test-method> <!-- addBook -->
        <test-method status="PASS" signature="getBookDetails(java.lang.String,java.lang.String,java.lang.String,java.lang.String)[pri:2, instance:ParameterizedBooksTest@d4342c2]" name="getBookDetails" duration-ms="313" started-at="2022-10-25T21:57:06 IST" data-provider="bookDataProvider" finished-at="2022-10-25T21:57:06 IST">
          <params>
            <param index="0">
              <value>
                <![CDATA[Geometry]]>
              </value>
            </param>
            <param index="1">
              <value>
                <![CDATA[A]]>
              </value>
            </param>
            <param index="2">
              <value>
                <![CDATA[1]]>
              </value>
            </param>
            <param index="3">
              <value>
                <![CDATA[Euclid]]>
              </value>
            </param>
          </params>
          <reporter-output>
          </reporter-output>
        </test-method> <!-- getBookDetails -->
        <test-method status="PASS" signature="getBookDetails(java.lang.String,java.lang.String,java.lang.String,java.lang.String)[pri:2, instance:ParameterizedBooksTest@d4342c2]" name="getBookDetails" duration-ms="291" started-at="2022-10-25T21:57:06 IST" data-provider="bookDataProvider" finished-at="2022-10-25T21:57:07 IST">
          <params>
            <param index="0">
              <value>
                <![CDATA[Coordinate Geometry]]>
              </value>
            </param>
            <param index="1">
              <value>
                <![CDATA[B]]>
              </value>
            </param>
            <param index="2">
              <value>
                <![CDATA[2]]>
              </value>
            </param>
            <param index="3">
              <value>
                <![CDATA[Rene Descartes]]>
              </value>
            </param>
          </params>
          <reporter-output>
          </reporter-output>
        </test-method> <!-- getBookDetails -->
        <test-method status="PASS" signature="getBookDetails(java.lang.String,java.lang.String,java.lang.String,java.lang.String)[pri:2, instance:ParameterizedBooksTest@d4342c2]" name="getBookDetails" duration-ms="278" started-at="2022-10-25T21:57:07 IST" data-provider="bookDataProvider" finished-at="2022-10-25T21:57:07 IST">
          <params>
            <param index="0">
              <value>
                <![CDATA[Medicine]]>
              </value>
            </param>
            <param index="1">
              <value>
                <![CDATA[C]]>
              </value>
            </param>
            <param index="2">
              <value>
                <![CDATA[3]]>
              </value>
            </param>
            <param index="3">
              <value>
                <![CDATA[Sushruta]]>
              </value>
            </param>
          </params>
          <reporter-output>
          </reporter-output>
        </test-method> <!-- getBookDetails -->
        <test-method status="PASS" signature="getBookDetails(java.lang.String,java.lang.String,java.lang.String,java.lang.String)[pri:2, instance:ParameterizedBooksTest@d4342c2]" name="getBookDetails" duration-ms="291" started-at="2022-10-25T21:57:07 IST" data-provider="bookDataProvider" finished-at="2022-10-25T21:57:07 IST">
          <params>
            <param index="0">
              <value>
                <![CDATA[Philosophy]]>
              </value>
            </param>
            <param index="1">
              <value>
                <![CDATA[D]]>
              </value>
            </param>
            <param index="2">
              <value>
                <![CDATA[4]]>
              </value>
            </param>
            <param index="3">
              <value>
                <![CDATA[Chanakya]]>
              </value>
            </param>
          </params>
          <reporter-output>
          </reporter-output>
        </test-method> <!-- getBookDetails -->
        <test-method status="PASS" signature="deleteBookByID(java.lang.String,java.lang.String,java.lang.String,java.lang.String)[pri:3, instance:ParameterizedBooksTest@d4342c2]" name="deleteBookByID" duration-ms="273" started-at="2022-10-25T21:57:07 IST" data-provider="bookDataProvider" finished-at="2022-10-25T21:57:08 IST">
          <params>
            <param index="0">
              <value>
                <![CDATA[Geometry]]>
              </value>
            </param>
            <param index="1">
              <value>
                <![CDATA[A]]>
              </value>
            </param>
            <param index="2">
              <value>
                <![CDATA[1]]>
              </value>
            </param>
            <param index="3">
              <value>
                <![CDATA[Euclid]]>
              </value>
            </param>
          </params>
          <reporter-output>
          </reporter-output>
        </test-method> <!-- deleteBookByID -->
        <test-method status="PASS" signature="deleteBookByID(java.lang.String,java.lang.String,java.lang.String,java.lang.String)[pri:3, instance:ParameterizedBooksTest@d4342c2]" name="deleteBookByID" duration-ms="247" started-at="2022-10-25T21:57:08 IST" data-provider="bookDataProvider" finished-at="2022-10-25T21:57:08 IST">
          <params>
            <param index="0">
              <value>
                <![CDATA[Coordinate Geometry]]>
              </value>
            </param>
            <param index="1">
              <value>
                <![CDATA[B]]>
              </value>
            </param>
            <param index="2">
              <value>
                <![CDATA[2]]>
              </value>
            </param>
            <param index="3">
              <value>
                <![CDATA[Rene Descartes]]>
              </value>
            </param>
          </params>
          <reporter-output>
          </reporter-output>
        </test-method> <!-- deleteBookByID -->
        <test-method status="PASS" signature="deleteBookByID(java.lang.String,java.lang.String,java.lang.String,java.lang.String)[pri:3, instance:ParameterizedBooksTest@d4342c2]" name="deleteBookByID" duration-ms="273" started-at="2022-10-25T21:57:08 IST" data-provider="bookDataProvider" finished-at="2022-10-25T21:57:08 IST">
          <params>
            <param index="0">
              <value>
                <![CDATA[Medicine]]>
              </value>
            </param>
            <param index="1">
              <value>
                <![CDATA[C]]>
              </value>
            </param>
            <param index="2">
              <value>
                <![CDATA[3]]>
              </value>
            </param>
            <param index="3">
              <value>
                <![CDATA[Sushruta]]>
              </value>
            </param>
          </params>
          <reporter-output>
          </reporter-output>
        </test-method> <!-- deleteBookByID -->
        <test-method status="PASS" signature="deleteBookByID(java.lang.String,java.lang.String,java.lang.String,java.lang.String)[pri:3, instance:ParameterizedBooksTest@d4342c2]" name="deleteBookByID" duration-ms="303" started-at="2022-10-25T21:57:08 IST" data-provider="bookDataProvider" finished-at="2022-10-25T21:57:08 IST">
          <params>
            <param index="0">
              <value>
                <![CDATA[Philosophy]]>
              </value>
            </param>
            <param index="1">
              <value>
                <![CDATA[D]]>
              </value>
            </param>
            <param index="2">
              <value>
                <![CDATA[4]]>
              </value>
            </param>
            <param index="3">
              <value>
                <![CDATA[Chanakya]]>
              </value>
            </param>
          </params>
          <reporter-output>
          </reporter-output>
        </test-method> <!-- deleteBookByID -->
      </class> <!-- ParameterizedBooksTest -->
    </test> <!-- Command line test -->
  </suite> <!-- Command line suite -->
</testng-results>
