<?xml version="1.0" encoding="UTF-8" ?>
<testsuite tests="19" failures="1" name="TestSuite" time="13.875" errors="0" skipped="0">
  <properties>
[...]
</properties>
  <testcase classname="GoogleMapsApiTest" name="postPlace" time="2.983"/>
  <testcase classname="GoogleMapsApiTest" name="getCreatedPlace" time="0.571"/>
  <testcase classname="GoogleMapsApiTest" name="updatePlace" time="1.243"/>
  <testcase classname="GoogleMapsApiTest" name="deletePlace" time="2.077"/>
  <testcase classname="JiraRestApiTest" name="createAndDeleteJiraTask" time="1.055">
    <failure message="
expected: 201
 but was: 401" type="java.lang.AssertionError">java.lang.AssertionError: 
expected: 201
 but was: 401
	at JiraRestApiTest.createAndDeleteJiraTask(JiraRestApiTest.java:28)
</failure>
    <system-out>Request method:	POST
Request URI:	https://sivakarthikpara.atlassian.net/rest/api/3/issue
Proxy:			&lt;none&gt;
Request params:	&lt;none&gt;
Query params:	&lt;none&gt;
Form params:	&lt;none&gt;
Path params:	&lt;none&gt;
Headers:		Accept=application/json
				Content-Type=application/json
Cookies:		&lt;none&gt;
Multiparts:		&lt;none&gt;
Body:
{
    &quot;fields&quot;: {
        &quot;summary&quot;: &quot;Summary - Rest api create issue&quot;,
        &quot;issuetype&quot;: {
            &quot;id&quot;: &quot;10002&quot;
        },
        &quot;project&quot;: {
            &quot;key&quot;: &quot;PYMT&quot;
        },
        &quot;description&quot;: {
            &quot;type&quot;: &quot;doc&quot;,
            &quot;version&quot;: 1,
            &quot;content&quot;: [
                {
                    &quot;type&quot;: &quot;paragraph&quot;,
                    &quot;content&quot;: [
                        {
                            &quot;text&quot;: &quot;This is the description. --&gt; https://sivakarthikpara.atlassian.net/rest/api/3/issue&quot;,
                            &quot;type&quot;: &quot;text&quot;
                        }
                    ]
                }
            ]
        }
    }
}
HTTP/1.1 401 Unauthorized
Date: Tue, 25 Oct 2022 16:27:02 GMT
Content-Type: application/json;charset=UTF-8
Server: globaledge-envoy
Timing-Allow-Origin: *
X-Arequestid: 8d94e3848b812026eb2ec20f8eaf6d78
Set-Cookie: atlassian.xsrf.token=89a75b47-76f7-4ee0-a062-137b0a46e03b_94896d0688908f8744b53253274da36538df9418_lout; path=/; SameSite=None; Secure
Cache-Control: no-cache, no-store, no-transform
Www-Authenticate: OAuth realm=&quot;https%3A%2F%2Fsivakarthikpara.atlassian.net&quot;
X-Envoy-Upstream-Service-Time: 256
Expect-Ct: report-uri=&quot;https://web-security-reports.services.atlassian.com/expect-ct-report/atlassian-proxy&quot;, max-age=86400
Strict-Transport-Security: max-age=63072000; preload
X-Content-Type-Options: nosniff
X-Xss-Protection: 1; mode=block
Atl-Traceid: fc6f840cdf3fcd0d
Report-To: {&quot;endpoints&quot;: [{&quot;url&quot;: &quot;https://dz8aopenkvv6s.cloudfront.net&quot;}], &quot;group&quot;: &quot;endpoint-1&quot;, &quot;include_subdomains&quot;: true, &quot;max_age&quot;: 600}
Nel: {&quot;failure_fraction&quot;: 0.001, &quot;include_subdomains&quot;: true, &quot;max_age&quot;: 600, &quot;report_to&quot;: &quot;endpoint-1&quot;}
Transfer-Encoding: chunked

{
    &quot;errorMessages&quot;: [
        &quot;You do not have permission to create issues in this project.&quot;
    ],
    &quot;errors&quot;: {
        
    }
}
</system-out>
  </testcase>
  <testcase classname="JsonSchemaValidationTest" name="createJiraTask" time="2.311"/>
  <testcase classname="JsonValidationsTest" name="readJsonArrays" time="0.131"/>
  <testcase classname="ParameterizedBooksTest" name="addBook" time="0.315"/>
  <testcase classname="ParameterizedBooksTest" name="addBook" time="0.321"/>
  <testcase classname="ParameterizedBooksTest" name="addBook" time="0.298"/>
  <testcase classname="ParameterizedBooksTest" name="addBook" time="0.302"/>
  <testcase classname="ParameterizedBooksTest" name="getBookDetails" time="0.313"/>
  <testcase classname="ParameterizedBooksTest" name="getBookDetails" time="0.29"/>
  <testcase classname="ParameterizedBooksTest" name="getBookDetails" time="0.278"/>
  <testcase classname="ParameterizedBooksTest" name="getBookDetails" time="0.291"/>
  <testcase classname="ParameterizedBooksTest" name="deleteBookByID" time="0.273"/>
  <testcase classname="ParameterizedBooksTest" name="deleteBookByID" time="0.247"/>
  <testcase classname="ParameterizedBooksTest" name="deleteBookByID" time="0.273"/>
  <testcase classname="ParameterizedBooksTest" name="deleteBookByID" time="0.303"/>
</testsuite>