-------------------------------------------------------------------------------
Test set: TestSuite
-------------------------------------------------------------------------------
Tests run: 19, Failures: 1, Errors: 0, Skipped: 0, Time elapsed: 15.66 sec <<< FAILURE!
createAndDeleteJiraTask(JiraRestApiTest)  Time elapsed: 1.055 sec  <<< FAILURE!
java.lang.AssertionError: 
expected: 201
 but was: 401
	at JiraRestApiTest.createAndDeleteJiraTask(JiraRestApiTest.java:28)

