<?xml version="1.0" encoding="UTF-8" ?>
<testsuite tests="19" failures="1" name="TestSuite" time="13.875" errors="0" skipped="0">
  <properties>
    <property name="idea.version" value="2021.3"/>
    <property name="java.runtime.name" value="Java(TM) SE Runtime Environment"/>
    <property name="sun.boot.library.path" value="C:\Program Files (x86)\Java\jdk1.8.0_241\jre\bin"/>
    <property name="java.vm.version" value="25.241-b07"/>
    <property name="java.vm.vendor" value="Oracle Corporation"/>
    <property name="maven.multiModuleProjectDirectory" value="C:\Users\sipara\gitrepos\Rest-Assured-Project"/>
    <property name="java.vendor.url" value="http://java.oracle.com/"/>
    <property name="path.separator" value=";"/>
    <property name="guice.disable.misplaced.annotation.check" value="true"/>
    <property name="java.vm.name" value="Java HotSpot(TM) 64-Bit Server VM"/>
    <property name="file.encoding.pkg" value="sun.io"/>
    <property name="user.script" value=""/>
    <property name="user.country" value="IN"/>
    <property name="sun.java.launcher" value="SUN_STANDARD"/>
    <property name="sun.os.patch.level" value=""/>
    <property name="java.vm.specification.name" value="Java Virtual Machine Specification"/>
    <property name="user.dir" value="C:\Users\sipara\gitrepos\Rest-Assured-Project"/>
    <property name="java.runtime.version" value="1.8.0_241-b07"/>
    <property name="java.awt.graphicsenv" value="sun.awt.Win32GraphicsEnvironment"/>
    <property name="java.endorsed.dirs" value="C:\Program Files (x86)\Java\jdk1.8.0_241\jre\lib\endorsed"/>
    <property name="os.arch" value="amd64"/>
    <property name="java.io.tmpdir" value="C:\Users\sipara\AppData\Local\Temp\"/>
    <property name="line.separator" value="
"/>
    <property name="java.vm.specification.vendor" value="Oracle Corporation"/>
    <property name="user.variant" value=""/>
    <property name="os.name" value="Windows 10"/>
    <property name="maven.ext.class.path" value="C:\Users\sipara\AppData\Local\JetBrains\IntelliJ IDEA Community Edition 2021.3\plugins\maven\lib\maven-event-listener.jar"/>
    <property name="classworlds.conf" value="C:\Users\sipara\AppData\Local\JetBrains\IntelliJ IDEA Community Edition 2021.3\plugins\maven\lib\maven3\bin\m2.conf"/>
    <property name="sun.jnu.encoding" value="Cp1252"/>
    <property name="java.library.path" value="C:\Program Files (x86)\Java\jdk1.8.0_241\bin;C:\WINDOWS\Sun\Java\bin;C:\WINDOWS\system32;C:\WINDOWS;C:\Program Files\Python310\Scripts\;C:\Program Files\Python310\;C:\Program Files (x86)\Java\jdk1.8.0_241\bin;C:\Program Files (x86)\Java\jre1.8.0_291\bin;C:\Program Files\AdoptOpenJDK\jdk-15.0.0.36-hotspot\bin;C:\Program Files (x86)\Common Files\Oracle\Java\javapath;C:\WINDOWS\system32;C:\WINDOWS;C:\WINDOWS\System32\Wbem;C:\WINDOWS\System32\WindowsPowerShell\v1.0\;C:\WINDOWS\System32\OpenSSH\;C:\Program Files\dotnet\;C:\Program Files\PuTTY\;C:\Program Files\TortoiseSVN\bin;C:\Program Files\Git\cmd;C:\Python27\;C:\Python27\Scripts\;C:\Program Files\nodejs\;C:\Program Files\Android\Android Studio\bin;C:\Users\sipara\AppData\Local\Android\Sdk\platform-tools;C:\Users\sipara\AppData\Local\Android\Sdk\build-tools;C:\Users\sipara\AppData\Local\Microsoft\WindowsApps;C:\Users\sipara\AppData\Local\Programs\Microsoft VS Code\bin;C:\Oracle\instantclient_12_2;C:\Users\sipara\gitrepos\Automation\ClinicalOne-Automation\node_modules\.bin;C:\Users\sipara\Downloads\edgedriver_win32\;;."/>
    <property name="maven.conf" value="C:\Users\sipara\AppData\Local\JetBrains\IntelliJ IDEA Community Edition 2021.3\plugins\maven\lib\maven3/conf"/>
    <property name="java.specification.name" value="Java Platform API Specification"/>
    <property name="java.class.version" value="52.0"/>
    <property name="sun.management.compiler" value="HotSpot 64-Bit Tiered Compilers"/>
    <property name="os.version" value="10.0"/>
    <property name="user.home" value="C:\Users\sipara"/>
    <property name="user.timezone" value="Asia/Calcutta"/>
    <property name="java.awt.printerjob" value="sun.awt.windows.WPrinterJob"/>
    <property name="java.specification.version" value="1.8"/>
    <property name="file.encoding" value="UTF-8"/>
    <property name="user.name" value="sipara"/>
    <property name="java.class.path" value="C:\Users\sipara\AppData\Local\JetBrains\IntelliJ IDEA Community Edition 2021.3\plugins\maven\lib\maven3\boot\plexus-classworlds-2.6.0.jar;C:\Users\sipara\AppData\Local\JetBrains\IntelliJ IDEA Community Edition 2021.3\plugins\maven\lib\maven3\boot\plexus-classworlds.license;C:\Users\sipara\AppData\Local\JetBrains\IntelliJ IDEA Community Edition 2021.3\lib\idea_rt.jar"/>
    <property name="java.vm.specification.version" value="1.8"/>
    <property name="sun.arch.data.model" value="64"/>
    <property name="java.home" value="C:\Program Files (x86)\Java\jdk1.8.0_241\jre"/>
    <property name="sun.java.command" value="org.codehaus.classworlds.Launcher -Didea.version=2021.3 -DJAVA_HOME=C:\Program Files (x86)\Java\jdk1.8.0_241 install"/>
    <property name="java.specification.vendor" value="Oracle Corporation"/>
    <property name="user.language" value="en"/>
    <property name="awt.toolkit" value="sun.awt.windows.WToolkit"/>
    <property name="java.vm.info" value="mixed mode"/>
    <property name="java.version" value="1.8.0_241"/>
    <property name="java.ext.dirs" value="C:\Program Files (x86)\Java\jdk1.8.0_241\jre\lib\ext;C:\WINDOWS\Sun\Java\lib\ext"/>
    <property name="sun.boot.class.path" value="C:\Program Files (x86)\Java\jdk1.8.0_241\jre\lib\resources.jar;C:\Program Files (x86)\Java\jdk1.8.0_241\jre\lib\rt.jar;C:\Program Files (x86)\Java\jdk1.8.0_241\jre\lib\sunrsasign.jar;C:\Program Files (x86)\Java\jdk1.8.0_241\jre\lib\jsse.jar;C:\Program Files (x86)\Java\jdk1.8.0_241\jre\lib\jce.jar;C:\Program Files (x86)\Java\jdk1.8.0_241\jre\lib\charsets.jar;C:\Program Files (x86)\Java\jdk1.8.0_241\jre\lib\jfr.jar;C:\Program Files (x86)\Java\jdk1.8.0_241\jre\classes"/>
    <property name="java.vendor" value="Oracle Corporation"/>
    <property name="maven.home" value="C:\Users\sipara\AppData\Local\JetBrains\IntelliJ IDEA Community Edition 2021.3\plugins\maven\lib\maven3"/>
    <property name="file.separator" value="\"/>
    <property name="java.vendor.url.bug" value="http://bugreport.sun.com/bugreport/"/>
    <property name="sun.cpu.endian" value="little"/>
    <property name="sun.io.unicode.encoding" value="UnicodeLittle"/>
    <property name="JAVA_HOME" value="C:\Program Files (x86)\Java\jdk1.8.0_241"/>
    <property name="sun.desktop" value="windows"/>
    <property name="sun.cpu.isalist" value="amd64"/>
  </properties>
  <testcase classname="GoogleMapsApiTest" name="postPlace" time="2.983"/>
  <testcase classname="GoogleMapsApiTest" name="getCreatedPlace" time="0.571"/>
  <testcase classname="GoogleMapsApiTest" name="updatePlace" time="1.243"/>
  <testcase classname="GoogleMapsApiTest" name="deletePlace" time="2.077"/>
  <testcase classname="JiraRestApiTest" name="createAndDeleteJiraTask" time="1.055">
    <failure message="
expected: 201
 but was: 401" type="java.lang.AssertionError">java.lang.AssertionError: 
expected: 201
 but was: 401
	at JiraRestApiTest.createAndDeleteJiraTask(JiraRestApiTest.java:28)
</failure>
    <system-out>Request method:	POST
Request URI:	https://sivakarthikpara.atlassian.net/rest/api/3/issue
Proxy:			&lt;none&gt;
Request params:	&lt;none&gt;
Query params:	&lt;none&gt;
Form params:	&lt;none&gt;
Path params:	&lt;none&gt;
Headers:		Accept=application/json
				Content-Type=application/json
Cookies:		&lt;none&gt;
Multiparts:		&lt;none&gt;
Body:
{
    &quot;fields&quot;: {
        &quot;summary&quot;: &quot;Summary - Rest api create issue&quot;,
        &quot;issuetype&quot;: {
            &quot;id&quot;: &quot;10002&quot;
        },
        &quot;project&quot;: {
            &quot;key&quot;: &quot;PYMT&quot;
        },
        &quot;description&quot;: {
            &quot;type&quot;: &quot;doc&quot;,
            &quot;version&quot;: 1,
            &quot;content&quot;: [
                {
                    &quot;type&quot;: &quot;paragraph&quot;,
                    &quot;content&quot;: [
                        {
                            &quot;text&quot;: &quot;This is the description. --&gt; https://sivakarthikpara.atlassian.net/rest/api/3/issue&quot;,
                            &quot;type&quot;: &quot;text&quot;
                        }
                    ]
                }
            ]
        }
    }
}
HTTP/1.1 401 Unauthorized
Date: Tue, 25 Oct 2022 16:27:02 GMT
Content-Type: application/json;charset=UTF-8
Server: globaledge-envoy
Timing-Allow-Origin: *
X-Arequestid: 8d94e3848b812026eb2ec20f8eaf6d78
Set-Cookie: atlassian.xsrf.token=89a75b47-76f7-4ee0-a062-137b0a46e03b_94896d0688908f8744b53253274da36538df9418_lout; path=/; SameSite=None; Secure
Cache-Control: no-cache, no-store, no-transform
Www-Authenticate: OAuth realm=&quot;https%3A%2F%2Fsivakarthikpara.atlassian.net&quot;
X-Envoy-Upstream-Service-Time: 256
Expect-Ct: report-uri=&quot;https://web-security-reports.services.atlassian.com/expect-ct-report/atlassian-proxy&quot;, max-age=86400
Strict-Transport-Security: max-age=63072000; preload
X-Content-Type-Options: nosniff
X-Xss-Protection: 1; mode=block
Atl-Traceid: fc6f840cdf3fcd0d
Report-To: {&quot;endpoints&quot;: [{&quot;url&quot;: &quot;https://dz8aopenkvv6s.cloudfront.net&quot;}], &quot;group&quot;: &quot;endpoint-1&quot;, &quot;include_subdomains&quot;: true, &quot;max_age&quot;: 600}
Nel: {&quot;failure_fraction&quot;: 0.001, &quot;include_subdomains&quot;: true, &quot;max_age&quot;: 600, &quot;report_to&quot;: &quot;endpoint-1&quot;}
Transfer-Encoding: chunked

{
    &quot;errorMessages&quot;: [
        &quot;You do not have permission to create issues in this project.&quot;
    ],
    &quot;errors&quot;: {
        
    }
}
</system-out>
  </testcase>
  <testcase classname="JsonSchemaValidationTest" name="createJiraTask" time="2.311"/>
  <testcase classname="JsonValidationsTest" name="readJsonArrays" time="0.131"/>
  <testcase classname="ParameterizedBooksTest" name="addBook" time="0.315"/>
  <testcase classname="ParameterizedBooksTest" name="addBook" time="0.321"/>
  <testcase classname="ParameterizedBooksTest" name="addBook" time="0.298"/>
  <testcase classname="ParameterizedBooksTest" name="addBook" time="0.302"/>
  <testcase classname="ParameterizedBooksTest" name="getBookDetails" time="0.313"/>
  <testcase classname="ParameterizedBooksTest" name="getBookDetails" time="0.29"/>
  <testcase classname="ParameterizedBooksTest" name="getBookDetails" time="0.278"/>
  <testcase classname="ParameterizedBooksTest" name="getBookDetails" time="0.291"/>
  <testcase classname="ParameterizedBooksTest" name="deleteBookByID" time="0.273"/>
  <testcase classname="ParameterizedBooksTest" name="deleteBookByID" time="0.247"/>
  <testcase classname="ParameterizedBooksTest" name="deleteBookByID" time="0.273"/>
  <testcase classname="ParameterizedBooksTest" name="deleteBookByID" time="0.303"/>
</testsuite>